Using pre-set license
Built from '2021.3/staging' branch; Version is '2021.3.13f1 (9e7d58001ecf) revision 10386776'; Using compiler version '192829333'; Build Type 'Release'
OS: 'Windows 10  (10.0.19044) 64bit Core' Language: 'pl' Physical Memory: 16294 MB
BatchMode: 1, IsHumanControllingUs: 0, StartBugReporterOnCrash: 0, Is64bit: 1, IsPro: 1

COMMAND LINE ARGUMENTS:
C:\Program Files\Unity\Hub\Editor\2021.3.13f1\Editor\Unity.exe
-adb2
-batchMode
-noUpm
-name
AssetImportWorker0
-projectPath
E:/Gitgub/elemental-arts/Elemental Arts
-logFile
Logs/AssetImportWorker0.log
-srvPort
50827
Successfully changed project path to: E:/Gitgub/elemental-arts/Elemental Arts
E:/Gitgub/elemental-arts/Elemental Arts
[UnityMemory] Configuration Parameters - Can be set up in boot.config
    "memorysetup-bucket-allocator-granularity=16"
    "memorysetup-bucket-allocator-bucket-count=8"
    "memorysetup-bucket-allocator-block-size=33554432"
    "memorysetup-bucket-allocator-block-count=8"
    "memorysetup-main-allocator-block-size=16777216"
    "memorysetup-thread-allocator-block-size=16777216"
    "memorysetup-gfx-main-allocator-block-size=16777216"
    "memorysetup-gfx-thread-allocator-block-size=16777216"
    "memorysetup-cache-allocator-block-size=4194304"
    "memorysetup-typetree-allocator-block-size=2097152"
    "memorysetup-profiler-bucket-allocator-granularity=16"
    "memorysetup-profiler-bucket-allocator-bucket-count=8"
    "memorysetup-profiler-bucket-allocator-block-size=33554432"
    "memorysetup-profiler-bucket-allocator-block-count=8"
    "memorysetup-profiler-allocator-block-size=16777216"
    "memorysetup-profiler-editor-allocator-block-size=1048576"
    "memorysetup-temp-allocator-size-main=16777216"
    "memorysetup-job-temp-allocator-block-size=2097152"
    "memorysetup-job-temp-allocator-block-size-background=1048576"
    "memorysetup-job-temp-allocator-reduction-small-platforms=262144"
    "memorysetup-temp-allocator-size-background-worker=32768"
    "memorysetup-temp-allocator-size-job-worker=262144"
    "memorysetup-temp-allocator-size-preload-manager=33554432"
    "memorysetup-temp-allocator-size-nav-mesh-worker=65536"
    "memorysetup-temp-allocator-size-audio-worker=65536"
    "memorysetup-temp-allocator-size-cloud-worker=32768"
    "memorysetup-temp-allocator-size-gi-baking-worker=262144"
    "memorysetup-temp-allocator-size-gfx=262144"
Refreshing native plugins compatible for Editor in 125.91 ms, found 4 plugins.
Preloading 0 native plugins for Editor in 0.00 ms.
Initialize engine version: 2021.3.13f1 (9e7d58001ecf)
[Subsystems] Discovering subsystems at path C:/Program Files/Unity/Hub/Editor/2021.3.13f1/Editor/Data/Resources/UnitySubsystems
[Subsystems] Discovering subsystems at path E:/Gitgub/elemental-arts/Elemental Arts/Assets
GfxDevice: creating device client; threaded=0; jobified=0
Direct3D:
    Version:  Direct3D 11.0 [level 11.1]
    Renderer: NVIDIA GeForce RTX 3060 Ti (ID=0x2486)
    Vendor:   NVIDIA
    VRAM:     8038 MB
    Driver:   31.0.15.2698
Initialize mono
Mono path[0] = 'C:/Program Files/Unity/Hub/Editor/2021.3.13f1/Editor/Data/Managed'
Mono path[1] = 'C:/Program Files/Unity/Hub/Editor/2021.3.13f1/Editor/Data/MonoBleedingEdge/lib/mono/unityjit-win32'
Mono config path = 'C:/Program Files/Unity/Hub/Editor/2021.3.13f1/Editor/Data/MonoBleedingEdge/etc'
Using monoOptions --debugger-agent=transport=dt_socket,embedding=1,server=y,suspend=n,address=127.0.0.1:56196
Begin MonoManager ReloadAssembly
Registering precompiled unity dll's ...
Register platform support module: C:/Program Files/Unity/Hub/Editor/2021.3.13f1/Editor/Data/PlaybackEngines/WindowsStandaloneSupport/UnityEditor.WindowsStandalone.Extensions.dll
Registered in 0.006363 seconds.
Native extension for WindowsStandalone target not found
Refreshing native plugins compatible for Editor in 128.42 ms, found 4 plugins.
Preloading 0 native plugins for Editor in 0.00 ms.
Mono: successfully reloaded assembly
- Completed reload, in  0.707 seconds
Domain Reload Profiling:
	ReloadAssembly (707ms)
		BeginReloadAssembly (84ms)
			ExecutionOrderSort (0ms)
			DisableScriptedObjects (0ms)
			BackupInstance (0ms)
			ReleaseScriptingObjects (0ms)
			CreateAndSetChildDomain (1ms)
		EndReloadAssembly (512ms)
			LoadAssemblies (80ms)
			RebuildTransferFunctionScriptingTraits (0ms)
			SetupTypeCache (117ms)
			ReleaseScriptCaches (0ms)
			RebuildScriptCaches (28ms)
			SetupLoadedEditorAssemblies (314ms)
				LogAssemblyErrors (0ms)
				InitializePlatformSupportModulesInManaged (9ms)
				SetLoadedEditorAssemblies (0ms)
				RefreshPlugins (128ms)
				BeforeProcessingInitializeOnLoad (1ms)
				ProcessInitializeOnLoadAttributes (133ms)
				ProcessInitializeOnLoadMethodAttributes (43ms)
				AfterProcessingInitializeOnLoad (0ms)
				EditorAssembliesLoaded (0ms)
			ExecutionOrderSort2 (0ms)
			AwakeInstancesAfterBackupRestoration (0ms)
Platform modules already initialized, skipping
Registering precompiled user dll's ...
Registered in 0.003871 seconds.
Begin MonoManager ReloadAssembly
Symbol file LoadedFromMemory doesn't match image E:\Gitgub\elemental-arts\Elemental Arts\Library\PackageCache\com.unity.visualscripting@1.7.8\Editor\VisualScripting.Core\Dependencies\YamlDotNet\Unity.VisualScripting.YamlDotNet.dll
Symbol file LoadedFromMemory doesn't match image E:\Gitgub\elemental-arts\Elemental Arts\Library\PackageCache\com.unity.visualscripting@1.7.8\Editor\VisualScripting.Core\Dependencies\DotNetZip\Unity.VisualScripting.IonicZip.dll
Native extension for WindowsStandalone target not found
Refreshing native plugins compatible for Editor in 113.06 ms, found 4 plugins.
Preloading 0 native plugins for Editor in 0.00 ms.
Package Manager log level set to [2]
Mono: successfully reloaded assembly
- Completed reload, in  1.456 seconds
Domain Reload Profiling:
	ReloadAssembly (1456ms)
		BeginReloadAssembly (104ms)
			ExecutionOrderSort (0ms)
			DisableScriptedObjects (5ms)
			BackupInstance (0ms)
			ReleaseScriptingObjects (0ms)
			CreateAndSetChildDomain (18ms)
		EndReloadAssembly (1238ms)
			LoadAssemblies (88ms)
			RebuildTransferFunctionScriptingTraits (0ms)
			SetupTypeCache (356ms)
			ReleaseScriptCaches (1ms)
			RebuildScriptCaches (83ms)
			SetupLoadedEditorAssemblies (675ms)
				LogAssemblyErrors (0ms)
				InitializePlatformSupportModulesInManaged (4ms)
				SetLoadedEditorAssemblies (0ms)
				RefreshPlugins (113ms)
				BeforeProcessingInitializeOnLoad (121ms)
				ProcessInitializeOnLoadAttributes (323ms)
				ProcessInitializeOnLoadMethodAttributes (104ms)
				AfterProcessingInitializeOnLoad (8ms)
				EditorAssembliesLoaded (0ms)
			ExecutionOrderSort2 (0ms)
			AwakeInstancesAfterBackupRestoration (5ms)
Platform modules already initialized, skipping
========================================================================
Worker process is ready to serve import requests
Launched and connected shader compiler UnityShaderCompiler.exe after 0.04 seconds
Refreshing native plugins compatible for Editor in 0.90 ms, found 4 plugins.
Preloading 0 native plugins for Editor in 0.00 ms.
Unloading 6424 Unused Serialized files (Serialized files now loaded: 0)
Unloading 40 unused Assets / (1.5 MB). Loaded Objects now: 6878.
Memory consumption went from 248.5 MB to 247.0 MB.
Total: 4.208400 ms (FindLiveObjects: 0.471100 ms CreateObjectMapping: 0.498800 ms MarkObjects: 2.865600 ms  DeleteObjects: 0.372000 ms)

AssetImportParameters requested are different than current active one (requested -> active):
  custom:video-decoder-ogg-theora: a1e56fd34408186e4bbccfd4996cb3dc -> 
  custom:container-muxer-webm: aa71ff27fc2769a1b78a27578f13a17b -> 
  custom:container-demuxer-webm: 4f35f7cbe854078d1ac9338744f61a02 -> 
  custom:video-encoder-webm-vp8: eb34c28f22e8b96e1ab97ce403110664 -> 
  custom:audio-encoder-webm-vorbis: bf7c407c2cedff20999df2af8eb42d56 -> 
  custom:framework-win-MediaFoundation: 216162199b28c13a410421893ffa2e32 -> 
  custom:container-demuxer-ogg: 62fdf1f143b41e24485cea50d1cbac27 -> 
  custom:video-decoder-webm-vp8: 9c59270c3fd7afecdb556c50c9e8de78 -> 
  custom:audio-decoder-ogg-vorbis: bf7c407c2cedff20999df2af8eb42d56 -> 
========================================================================
Received Import Request.
  Time since last request: 33578.320237 seconds.
  path: Assets/Air/tornadoBody.blend
  artifactKey: Guid(bd9382729d0873a42b0a1cffd5e0d606) Importer(815301076,1909f56bfc062723c751e8b465ee728b)
Start importing Assets/Air/tornadoBody.blend using Guid(bd9382729d0873a42b0a1cffd5e0d606) Importer(815301076,1909f56bfc062723c751e8b465ee728b)  -> (artifact id: 'aabfc2108b3e208d1ef7dd225d9e7a5f') in 0.266864 seconds 
========================================================================
Received Import Request.
  Time since last request: 127.985823 seconds.
  path: Assets/Air/tornadoBody2.blend
  artifactKey: Guid(bcd56700d872b284e95767f4f00690ac) Importer(815301076,1909f56bfc062723c751e8b465ee728b)
Start importing Assets/Air/tornadoBody2.blend using Guid(bcd56700d872b284e95767f4f00690ac) Importer(815301076,1909f56bfc062723c751e8b465ee728b)  -> (artifact id: 'ea26b22b36137712cd785474e3234659') in 0.033466 seconds 
========================================================================
Received Import Request.
  Time since last request: 562.930227 seconds.
  path: Assets/Air/tornaduVFX.vfx
  artifactKey: Guid(dfd60fbf66242984e8cbc382c5dc3688) Importer(815301076,1909f56bfc062723c751e8b465ee728b)
Start importing Assets/Air/tornaduVFX.vfx using Guid(dfd60fbf66242984e8cbc382c5dc3688) Importer(815301076,1909f56bfc062723c751e8b465ee728b)  -> (artifact id: 'b68c652df0a2dcb0fe947f415cbdae4f') in 1.070463 seconds 
========================================================================
Received Import Request.
  Time since last request: 277.189418 seconds.
  path: Assets/Air/def.mat
  artifactKey: Guid(ddd49cf5ba10b9240bbced75298e1b81) Importer(815301076,1909f56bfc062723c751e8b465ee728b)
Start importing Assets/Air/def.mat using Guid(ddd49cf5ba10b9240bbced75298e1b81) Importer(815301076,1909f56bfc062723c751e8b465ee728b)  -> (artifact id: '676fe066b3944f89918fc59f705b6ec9') in 0.278662 seconds 
========================================================================
Received Import Request.
  Time since last request: 540.780092 seconds.
  path: Assets/Air/tornadoMaterial.mat
  artifactKey: Guid(0d62d0295aa12ab4ba04e950d03ef05e) Importer(815301076,1909f56bfc062723c751e8b465ee728b)
Start importing Assets/Air/tornadoMaterial.mat using Guid(0d62d0295aa12ab4ba04e950d03ef05e) Importer(815301076,1909f56bfc062723c751e8b465ee728b)  -> (artifact id: '5d557e07ac708ab6fde36b777f4c5158') in 0.025932 seconds 
========================================================================
Received Import Request.
  Time since last request: 177.621684 seconds.
  path: Assets/Air/tornadoMaterial.mat
  artifactKey: Guid(0d62d0295aa12ab4ba04e950d03ef05e) Importer(815301076,1909f56bfc062723c751e8b465ee728b)
Start importing Assets/Air/tornadoMaterial.mat using Guid(0d62d0295aa12ab4ba04e950d03ef05e) Importer(815301076,1909f56bfc062723c751e8b465ee728b)  -> (artifact id: 'b46099d772b83fa45d56084c347be837') in 0.020937 seconds 
========================================================================
Received Import Request.
  Time since last request: 55.141190 seconds.
  path: Assets/Air/tornadoShader.shadergraph
  artifactKey: Guid(3601837fd7b82d5408569ff663386b50) Importer(815301076,1909f56bfc062723c751e8b465ee728b)
Start importing Assets/Air/tornadoShader.shadergraph using Guid(3601837fd7b82d5408569ff663386b50) Importer(815301076,1909f56bfc062723c751e8b465ee728b)  -> (artifact id: '954f197aea546a4d49d83ae6b6c64869') in 0.007877 seconds 
========================================================================
Received Import Request.
  Time since last request: 188.524448 seconds.
  path: Assets/Air/tornaduVFX.vfx
  artifactKey: Guid(dfd60fbf66242984e8cbc382c5dc3688) Importer(815301076,1909f56bfc062723c751e8b465ee728b)
Start importing Assets/Air/tornaduVFX.vfx using Guid(dfd60fbf66242984e8cbc382c5dc3688) Importer(815301076,1909f56bfc062723c751e8b465ee728b)  -> (artifact id: '6dc032e2a974815ca7c407f2d5df78a8') in 0.018453 seconds 
========================================================================
Received Import Request.
  Time since last request: 30.524988 seconds.
  path: Assets/Air/tornaduVFX.vfx
  artifactKey: Guid(dfd60fbf66242984e8cbc382c5dc3688) Importer(815301076,1909f56bfc062723c751e8b465ee728b)
Start importing Assets/Air/tornaduVFX.vfx using Guid(dfd60fbf66242984e8cbc382c5dc3688) Importer(815301076,1909f56bfc062723c751e8b465ee728b)  -> (artifact id: 'b69c1024b7065135e4a7c3bb5883720f') in 0.009506 seconds 
========================================================================
Received Import Request.
  Time since last request: 104.255764 seconds.
  path: Assets/Air/tornaduVFX.vfx
  artifactKey: Guid(dfd60fbf66242984e8cbc382c5dc3688) Importer(815301076,1909f56bfc062723c751e8b465ee728b)
Start importing Assets/Air/tornaduVFX.vfx using Guid(dfd60fbf66242984e8cbc382c5dc3688) Importer(815301076,1909f56bfc062723c751e8b465ee728b)  -> (artifact id: 'd4b1ead781572dd18a1e6d048641bca5') in 0.011804 seconds 
========================================================================
Received Import Request.
  Time since last request: 75.040055 seconds.
  path: Assets/Air/tornaduVFX.vfx
  artifactKey: Guid(dfd60fbf66242984e8cbc382c5dc3688) Importer(815301076,1909f56bfc062723c751e8b465ee728b)
Start importing Assets/Air/tornaduVFX.vfx using Guid(dfd60fbf66242984e8cbc382c5dc3688) Importer(815301076,1909f56bfc062723c751e8b465ee728b)  -> (artifact id: 'ef6eae136e2e48fd88c99b4ccd1812fb') in 0.012445 seconds 
========================================================================
Received Import Request.
  Time since last request: 4.955840 seconds.
  path: Assets/Air/tornaduVFX.vfx
  artifactKey: Guid(dfd60fbf66242984e8cbc382c5dc3688) Importer(815301076,1909f56bfc062723c751e8b465ee728b)
Start importing Assets/Air/tornaduVFX.vfx using Guid(dfd60fbf66242984e8cbc382c5dc3688) Importer(815301076,1909f56bfc062723c751e8b465ee728b)  -> (artifact id: '9509727c99937c442b894a5c1ed58db2') in 0.016768 seconds 
========================================================================
Received Import Request.
  Time since last request: 2.350760 seconds.
  path: Assets/Air/tornaduVFX.vfx
  artifactKey: Guid(dfd60fbf66242984e8cbc382c5dc3688) Importer(815301076,1909f56bfc062723c751e8b465ee728b)
Start importing Assets/Air/tornaduVFX.vfx using Guid(dfd60fbf66242984e8cbc382c5dc3688) Importer(815301076,1909f56bfc062723c751e8b465ee728b)  -> (artifact id: '31a843799657bcaf55b3e3a01cca2c79') in 0.010190 seconds 
========================================================================
Received Import Request.
  Time since last request: 2.107628 seconds.
  path: Assets/Air/tornaduVFX.vfx
  artifactKey: Guid(dfd60fbf66242984e8cbc382c5dc3688) Importer(815301076,1909f56bfc062723c751e8b465ee728b)
Start importing Assets/Air/tornaduVFX.vfx using Guid(dfd60fbf66242984e8cbc382c5dc3688) Importer(815301076,1909f56bfc062723c751e8b465ee728b)  -> (artifact id: 'bd7a9db90d390fea430e83de98100b1b') in 0.012593 seconds 
========================================================================
Received Import Request.
  Time since last request: 4.027310 seconds.
  path: Assets/Air/tornaduVFX.vfx
  artifactKey: Guid(dfd60fbf66242984e8cbc382c5dc3688) Importer(815301076,1909f56bfc062723c751e8b465ee728b)
Start importing Assets/Air/tornaduVFX.vfx using Guid(dfd60fbf66242984e8cbc382c5dc3688) Importer(815301076,1909f56bfc062723c751e8b465ee728b)  -> (artifact id: 'd5fe96047912a61f6966dc21895e48cb') in 0.011024 seconds 
========================================================================
Received Import Request.
  Time since last request: 29.483984 seconds.
  path: Assets/Air/tornaduVFX.vfx
  artifactKey: Guid(dfd60fbf66242984e8cbc382c5dc3688) Importer(815301076,1909f56bfc062723c751e8b465ee728b)
Start importing Assets/Air/tornaduVFX.vfx using Guid(dfd60fbf66242984e8cbc382c5dc3688) Importer(815301076,1909f56bfc062723c751e8b465ee728b)  -> (artifact id: '2b14f3bb18d6c4fc319c920147075430') in 0.013204 seconds 
========================================================================
Received Import Request.
  Time since last request: 6.263631 seconds.
  path: Assets/Air/tornaduVFX.vfx
  artifactKey: Guid(dfd60fbf66242984e8cbc382c5dc3688) Importer(815301076,1909f56bfc062723c751e8b465ee728b)
Start importing Assets/Air/tornaduVFX.vfx using Guid(dfd60fbf66242984e8cbc382c5dc3688) Importer(815301076,1909f56bfc062723c751e8b465ee728b)  -> (artifact id: 'b9593dddb72fcdbbb31ad187ade54b92') in 0.012536 seconds 
========================================================================
Received Import Request.
  Time since last request: 14.400123 seconds.
  path: Assets/Air/tornaduVFX.vfx
  artifactKey: Guid(dfd60fbf66242984e8cbc382c5dc3688) Importer(815301076,1909f56bfc062723c751e8b465ee728b)
Start importing Assets/Air/tornaduVFX.vfx using Guid(dfd60fbf66242984e8cbc382c5dc3688) Importer(815301076,1909f56bfc062723c751e8b465ee728b)  -> (artifact id: '78501ef8bafe27f505a1e04439e20174') in 0.008620 seconds 
========================================================================
Received Import Request.
  Time since last request: 1.181669 seconds.
  path: Assets/Air/tornaduVFX.vfx
  artifactKey: Guid(dfd60fbf66242984e8cbc382c5dc3688) Importer(815301076,1909f56bfc062723c751e8b465ee728b)
Start importing Assets/Air/tornaduVFX.vfx using Guid(dfd60fbf66242984e8cbc382c5dc3688) Importer(815301076,1909f56bfc062723c751e8b465ee728b)  -> (artifact id: '36fce63edcb55f545791bc5fb625b88b') in 0.018125 seconds 
========================================================================
Received Import Request.
  Time since last request: 1.064974 seconds.
  path: Assets/Air/tornaduVFX.vfx
  artifactKey: Guid(dfd60fbf66242984e8cbc382c5dc3688) Importer(815301076,1909f56bfc062723c751e8b465ee728b)
Start importing Assets/Air/tornaduVFX.vfx using Guid(dfd60fbf66242984e8cbc382c5dc3688) Importer(815301076,1909f56bfc062723c751e8b465ee728b)  -> (artifact id: '7ef205aa980ad51ff4c82efe22061a59') in 0.017273 seconds 
========================================================================
Received Import Request.
  Time since last request: 11.701764 seconds.
  path: Assets/Air/tornaduVFX.vfx
  artifactKey: Guid(dfd60fbf66242984e8cbc382c5dc3688) Importer(815301076,1909f56bfc062723c751e8b465ee728b)
Start importing Assets/Air/tornaduVFX.vfx using Guid(dfd60fbf66242984e8cbc382c5dc3688) Importer(815301076,1909f56bfc062723c751e8b465ee728b)  -> (artifact id: '163c71040dd721301de90aa640a5861a') in 0.009902 seconds 
========================================================================
Received Import Request.
  Time since last request: 2.818144 seconds.
  path: Assets/Air/tornaduVFX.vfx
  artifactKey: Guid(dfd60fbf66242984e8cbc382c5dc3688) Importer(815301076,1909f56bfc062723c751e8b465ee728b)
Start importing Assets/Air/tornaduVFX.vfx using Guid(dfd60fbf66242984e8cbc382c5dc3688) Importer(815301076,1909f56bfc062723c751e8b465ee728b)  -> (artifact id: '3749d77de7eaeeeb2d3d10685d85bd5a') in 0.008016 seconds 
========================================================================
Received Import Request.
  Time since last request: 2.877121 seconds.
  path: Assets/Air/tornaduVFX.vfx
  artifactKey: Guid(dfd60fbf66242984e8cbc382c5dc3688) Importer(815301076,1909f56bfc062723c751e8b465ee728b)
Start importing Assets/Air/tornaduVFX.vfx using Guid(dfd60fbf66242984e8cbc382c5dc3688) Importer(815301076,1909f56bfc062723c751e8b465ee728b)  -> (artifact id: '02f9cf4aeb462d500b6e3c3d2bec1ec9') in 0.012115 seconds 
========================================================================
Received Import Request.
  Time since last request: 22.319818 seconds.
  path: Assets/Air/tornaduVFX.vfx
  artifactKey: Guid(dfd60fbf66242984e8cbc382c5dc3688) Importer(815301076,1909f56bfc062723c751e8b465ee728b)
Start importing Assets/Air/tornaduVFX.vfx using Guid(dfd60fbf66242984e8cbc382c5dc3688) Importer(815301076,1909f56bfc062723c751e8b465ee728b)  -> (artifact id: '379cb002c45d1b1d89c53ec3ef82f9cd') in 0.008229 seconds 
========================================================================
Received Import Request.
  Time since last request: 1.100306 seconds.
  path: Assets/Air/tornaduVFX.vfx
  artifactKey: Guid(dfd60fbf66242984e8cbc382c5dc3688) Importer(815301076,1909f56bfc062723c751e8b465ee728b)
Start importing Assets/Air/tornaduVFX.vfx using Guid(dfd60fbf66242984e8cbc382c5dc3688) Importer(815301076,1909f56bfc062723c751e8b465ee728b)  -> (artifact id: 'f2f177ff569fea9a9426230212feb955') in 0.008048 seconds 
========================================================================
Received Import Request.
  Time since last request: 1.350453 seconds.
  path: Assets/Air/tornaduVFX.vfx
  artifactKey: Guid(dfd60fbf66242984e8cbc382c5dc3688) Importer(815301076,1909f56bfc062723c751e8b465ee728b)
Start importing Assets/Air/tornaduVFX.vfx using Guid(dfd60fbf66242984e8cbc382c5dc3688) Importer(815301076,1909f56bfc062723c751e8b465ee728b)  -> (artifact id: '64604d25f550a1e06439b2bb2ec7072c') in 0.009325 seconds 
========================================================================
Received Import Request.
  Time since last request: 58.378160 seconds.
  path: Assets/Air/tornaduVFX.vfx
  artifactKey: Guid(dfd60fbf66242984e8cbc382c5dc3688) Importer(815301076,1909f56bfc062723c751e8b465ee728b)
Start importing Assets/Air/tornaduVFX.vfx using Guid(dfd60fbf66242984e8cbc382c5dc3688) Importer(815301076,1909f56bfc062723c751e8b465ee728b)  -> (artifact id: '21c686e1bbd2f7c5c8f7bb0a9133b230') in 0.011393 seconds 
========================================================================
Received Import Request.
  Time since last request: 249.618547 seconds.
  path: Assets/Air/tornaduVFX.vfx
  artifactKey: Guid(dfd60fbf66242984e8cbc382c5dc3688) Importer(815301076,1909f56bfc062723c751e8b465ee728b)
Start importing Assets/Air/tornaduVFX.vfx using Guid(dfd60fbf66242984e8cbc382c5dc3688) Importer(815301076,1909f56bfc062723c751e8b465ee728b)  -> (artifact id: '3dd5a13df3605f898a284e813faf6d8d') in 0.009084 seconds 
========================================================================
Received Import Request.
  Time since last request: 48.115119 seconds.
  path: Assets/Air/tornaduVFX.vfx
  artifactKey: Guid(dfd60fbf66242984e8cbc382c5dc3688) Importer(815301076,1909f56bfc062723c751e8b465ee728b)
Start importing Assets/Air/tornaduVFX.vfx using Guid(dfd60fbf66242984e8cbc382c5dc3688) Importer(815301076,1909f56bfc062723c751e8b465ee728b)  -> (artifact id: '98ffc4c997bfcc3ab8e4f421b35bfdcd') in 0.007725 seconds 
========================================================================
Received Import Request.
  Time since last request: 31.211379 seconds.
  path: Assets/Air/tornaduVFX.vfx
  artifactKey: Guid(dfd60fbf66242984e8cbc382c5dc3688) Importer(815301076,1909f56bfc062723c751e8b465ee728b)
Start importing Assets/Air/tornaduVFX.vfx using Guid(dfd60fbf66242984e8cbc382c5dc3688) Importer(815301076,1909f56bfc062723c751e8b465ee728b)  -> (artifact id: '67a573176e207e3d7712a474c6331c97') in 0.010249 seconds 
========================================================================
Received Import Request.
  Time since last request: 56.641646 seconds.
  path: Assets/UniversalRenderPipelineGlobalSettings.asset
  artifactKey: Guid(5ae8ff1261f7fe3498bc1401cb3d4f2b) Importer(815301076,1909f56bfc062723c751e8b465ee728b)
Start importing Assets/UniversalRenderPipelineGlobalSettings.asset using Guid(5ae8ff1261f7fe3498bc1401cb3d4f2b) Importer(815301076,1909f56bfc062723c751e8b465ee728b)  -> (artifact id: '22ce6ada9b4d4ba7f5ed30f82110203b') in 0.004060 seconds 
========================================================================
Received Import Request.
  Time since last request: 30.144985 seconds.
  path: Assets/Air/tornaduVFX.vfx
  artifactKey: Guid(dfd60fbf66242984e8cbc382c5dc3688) Importer(815301076,1909f56bfc062723c751e8b465ee728b)
Start importing Assets/Air/tornaduVFX.vfx using Guid(dfd60fbf66242984e8cbc382c5dc3688) Importer(815301076,1909f56bfc062723c751e8b465ee728b)  -> (artifact id: '201457d343488ab0b9d8a2730f71bbd6') in 0.008488 seconds 
========================================================================
Received Import Request.
  Time since last request: 101.446856 seconds.
  path: Assets/Air/tornaduVFX.vfx
  artifactKey: Guid(dfd60fbf66242984e8cbc382c5dc3688) Importer(815301076,1909f56bfc062723c751e8b465ee728b)
Start importing Assets/Air/tornaduVFX.vfx using Guid(dfd60fbf66242984e8cbc382c5dc3688) Importer(815301076,1909f56bfc062723c751e8b465ee728b)  -> (artifact id: '9fe0787dae3c9735afd1147614fd1ab6') in 0.007800 seconds 
========================================================================
Received Import Request.
  Time since last request: 44.031314 seconds.
  path: Assets/Air/tornaduVFX.vfx
  artifactKey: Guid(dfd60fbf66242984e8cbc382c5dc3688) Importer(815301076,1909f56bfc062723c751e8b465ee728b)
Start importing Assets/Air/tornaduVFX.vfx using Guid(dfd60fbf66242984e8cbc382c5dc3688) Importer(815301076,1909f56bfc062723c751e8b465ee728b)  -> (artifact id: 'ad1b27f41458f333ec8500fd33529c50') in 0.019210 seconds 
========================================================================
Received Import Request.
  Time since last request: 17.007321 seconds.
  path: Assets/Air/tornaduVFX.vfx
  artifactKey: Guid(dfd60fbf66242984e8cbc382c5dc3688) Importer(815301076,1909f56bfc062723c751e8b465ee728b)
Start importing Assets/Air/tornaduVFX.vfx using Guid(dfd60fbf66242984e8cbc382c5dc3688) Importer(815301076,1909f56bfc062723c751e8b465ee728b)  -> (artifact id: '9e901cde61b85b7b8b99cc1081996a96') in 0.007444 seconds 
========================================================================
Received Import Request.
  Time since last request: 39.084618 seconds.
  path: Assets/Air/tornaduVFX.vfx
  artifactKey: Guid(dfd60fbf66242984e8cbc382c5dc3688) Importer(815301076,1909f56bfc062723c751e8b465ee728b)
Start importing Assets/Air/tornaduVFX.vfx using Guid(dfd60fbf66242984e8cbc382c5dc3688) Importer(815301076,1909f56bfc062723c751e8b465ee728b)  -> (artifact id: 'ddabe31f4c787f05f5ee05f449a2b3c5') in 0.009157 seconds 
========================================================================
Received Import Request.
  Time since last request: 21.692233 seconds.
  path: Assets/Air/tornaduVFX.vfx
  artifactKey: Guid(dfd60fbf66242984e8cbc382c5dc3688) Importer(815301076,1909f56bfc062723c751e8b465ee728b)
Start importing Assets/Air/tornaduVFX.vfx using Guid(dfd60fbf66242984e8cbc382c5dc3688) Importer(815301076,1909f56bfc062723c751e8b465ee728b)  -> (artifact id: '563e28cefaa0c93d65cfa6bbc535b822') in 0.008760 seconds 
========================================================================
Received Import Request.
  Time since last request: 85.685247 seconds.
  path: Assets/Air/tornaduVFX.vfx
  artifactKey: Guid(dfd60fbf66242984e8cbc382c5dc3688) Importer(815301076,1909f56bfc062723c751e8b465ee728b)
Start importing Assets/Air/tornaduVFX.vfx using Guid(dfd60fbf66242984e8cbc382c5dc3688) Importer(815301076,1909f56bfc062723c751e8b465ee728b)  -> (artifact id: 'a3895e56c0a0e516b791e06abd42611e') in 0.010318 seconds 
========================================================================
Received Import Request.
  Time since last request: 51.033083 seconds.
  path: Assets/Air/tornaduVFX.vfx
  artifactKey: Guid(dfd60fbf66242984e8cbc382c5dc3688) Importer(815301076,1909f56bfc062723c751e8b465ee728b)
Start importing Assets/Air/tornaduVFX.vfx using Guid(dfd60fbf66242984e8cbc382c5dc3688) Importer(815301076,1909f56bfc062723c751e8b465ee728b)  -> (artifact id: 'c00d36caf965803e453d8bb7cce7c6bb') in 0.943604 seconds 
========================================================================
Received Import Request.
  Time since last request: 4.515634 seconds.
  path: Assets/Air/tornaduVFX.vfx
  artifactKey: Guid(dfd60fbf66242984e8cbc382c5dc3688) Importer(815301076,1909f56bfc062723c751e8b465ee728b)
Start importing Assets/Air/tornaduVFX.vfx using Guid(dfd60fbf66242984e8cbc382c5dc3688) Importer(815301076,1909f56bfc062723c751e8b465ee728b)  -> (artifact id: '743dbaced06ce5e8a9131be5ffc4db93') in 0.301595 seconds 
========================================================================
Received Import Request.
  Time since last request: 5.959732 seconds.
  path: Assets/Air/tornaduVFX.vfx
  artifactKey: Guid(dfd60fbf66242984e8cbc382c5dc3688) Importer(815301076,1909f56bfc062723c751e8b465ee728b)
Start importing Assets/Air/tornaduVFX.vfx using Guid(dfd60fbf66242984e8cbc382c5dc3688) Importer(815301076,1909f56bfc062723c751e8b465ee728b)  -> (artifact id: '7c59eb7b1578089ee5d703fc5fcbab5c') in 0.307615 seconds 
========================================================================
Received Import Request.
  Time since last request: 23.808447 seconds.
  path: Assets/Air/tornaduVFX.vfx
  artifactKey: Guid(dfd60fbf66242984e8cbc382c5dc3688) Importer(815301076,1909f56bfc062723c751e8b465ee728b)
Start importing Assets/Air/tornaduVFX.vfx using Guid(dfd60fbf66242984e8cbc382c5dc3688) Importer(815301076,1909f56bfc062723c751e8b465ee728b)  -> (artifact id: '60c7a694d6f42f6c1233c7e6aa87de2b') in 0.293978 seconds 
========================================================================
Received Import Request.
  Time since last request: 3.811402 seconds.
  path: Assets/Air/tornaduVFX.vfx
  artifactKey: Guid(dfd60fbf66242984e8cbc382c5dc3688) Importer(815301076,1909f56bfc062723c751e8b465ee728b)
Start importing Assets/Air/tornaduVFX.vfx using Guid(dfd60fbf66242984e8cbc382c5dc3688) Importer(815301076,1909f56bfc062723c751e8b465ee728b)  -> (artifact id: '6460e6c3322a46bb9d9a0e8a2bc3d201') in 0.301253 seconds 
========================================================================
Received Import Request.
  Time since last request: 58.831556 seconds.
  path: Assets/Air/tornaduVFX.vfx
  artifactKey: Guid(dfd60fbf66242984e8cbc382c5dc3688) Importer(815301076,1909f56bfc062723c751e8b465ee728b)
Start importing Assets/Air/tornaduVFX.vfx using Guid(dfd60fbf66242984e8cbc382c5dc3688) Importer(815301076,1909f56bfc062723c751e8b465ee728b)  -> (artifact id: '0e4abf4f514c9dfd667721cad219ca6e') in 0.304252 seconds 
========================================================================
Received Import Request.
  Time since last request: 8.491069 seconds.
  path: Assets/Air/tornaduVFX.vfx
  artifactKey: Guid(dfd60fbf66242984e8cbc382c5dc3688) Importer(815301076,1909f56bfc062723c751e8b465ee728b)
Start importing Assets/Air/tornaduVFX.vfx using Guid(dfd60fbf66242984e8cbc382c5dc3688) Importer(815301076,1909f56bfc062723c751e8b465ee728b)  -> (artifact id: '1e175f8075ddae9118b44ecdfaaa81a4') in 0.321829 seconds 
========================================================================
Received Import Request.
  Time since last request: 3.822364 seconds.
  path: Assets/Air/tornaduVFX.vfx
  artifactKey: Guid(dfd60fbf66242984e8cbc382c5dc3688) Importer(815301076,1909f56bfc062723c751e8b465ee728b)
Start importing Assets/Air/tornaduVFX.vfx using Guid(dfd60fbf66242984e8cbc382c5dc3688) Importer(815301076,1909f56bfc062723c751e8b465ee728b)  -> (artifact id: '8f3b6dfe2cd00da23d79f1e4ae400076') in 0.309169 seconds 
========================================================================
Received Import Request.
  Time since last request: 55.585313 seconds.
  path: Assets/Air/tornaduVFX.vfx
  artifactKey: Guid(dfd60fbf66242984e8cbc382c5dc3688) Importer(815301076,1909f56bfc062723c751e8b465ee728b)
Start importing Assets/Air/tornaduVFX.vfx using Guid(dfd60fbf66242984e8cbc382c5dc3688) Importer(815301076,1909f56bfc062723c751e8b465ee728b)  -> (artifact id: '76d7dcf63250d92729b7a293eaabacc8') in 0.295899 seconds 
========================================================================
Received Import Request.
  Time since last request: 25.369014 seconds.
  path: Assets/Air/tornaduVFX.vfx
  artifactKey: Guid(dfd60fbf66242984e8cbc382c5dc3688) Importer(815301076,1909f56bfc062723c751e8b465ee728b)
Start importing Assets/Air/tornaduVFX.vfx using Guid(dfd60fbf66242984e8cbc382c5dc3688) Importer(815301076,1909f56bfc062723c751e8b465ee728b)  -> (artifact id: 'c0c46a7b14d93d9b26fada5337884f40') in 0.298463 seconds 
========================================================================
Received Import Request.
  Time since last request: 8.190004 seconds.
  path: Assets/Air/tornaduVFX.vfx
  artifactKey: Guid(dfd60fbf66242984e8cbc382c5dc3688) Importer(815301076,1909f56bfc062723c751e8b465ee728b)
Start importing Assets/Air/tornaduVFX.vfx using Guid(dfd60fbf66242984e8cbc382c5dc3688) Importer(815301076,1909f56bfc062723c751e8b465ee728b)  -> (artifact id: 'ffbded0a29815e41f58b39c6d3db1c06') in 0.301874 seconds 
========================================================================
Received Import Request.
  Time since last request: 14.716423 seconds.
  path: Assets/Air/tornaduVFX.vfx
  artifactKey: Guid(dfd60fbf66242984e8cbc382c5dc3688) Importer(815301076,1909f56bfc062723c751e8b465ee728b)
Start importing Assets/Air/tornaduVFX.vfx using Guid(dfd60fbf66242984e8cbc382c5dc3688) Importer(815301076,1909f56bfc062723c751e8b465ee728b)  -> (artifact id: 'a1f121a853ae4726d7827dccb629d7ff') in 0.337270 seconds 
========================================================================
Received Import Request.
  Time since last request: 53.398302 seconds.
  path: Assets/Air/tornaduVFX.vfx
  artifactKey: Guid(dfd60fbf66242984e8cbc382c5dc3688) Importer(815301076,1909f56bfc062723c751e8b465ee728b)
Start importing Assets/Air/tornaduVFX.vfx using Guid(dfd60fbf66242984e8cbc382c5dc3688) Importer(815301076,1909f56bfc062723c751e8b465ee728b)  -> (artifact id: '76faeb1b5855cbc92e476da170752e4b') in 0.332655 seconds 
========================================================================
Received Prepare
Registering precompiled user dll's ...
Registered in 0.004982 seconds.
Begin MonoManager ReloadAssembly
Symbol file LoadedFromMemory doesn't match image E:\Gitgub\elemental-arts\Elemental Arts\Library\PackageCache\com.unity.visualscripting@1.7.8\Editor\VisualScripting.Core\Dependencies\YamlDotNet\Unity.VisualScripting.YamlDotNet.dll
Symbol file LoadedFromMemory doesn't match image E:\Gitgub\elemental-arts\Elemental Arts\Library\PackageCache\com.unity.visualscripting@1.7.8\Editor\VisualScripting.Core\Dependencies\DotNetZip\Unity.VisualScripting.IonicZip.dll
Native extension for WindowsStandalone target not found
Refreshing native plugins compatible for Editor in 0.94 ms, found 4 plugins.
Preloading 0 native plugins for Editor in 0.00 ms.
Mono: successfully reloaded assembly
- Completed reload, in  1.366 seconds
Domain Reload Profiling:
	ReloadAssembly (1367ms)
		BeginReloadAssembly (240ms)
			ExecutionOrderSort (0ms)
			DisableScriptedObjects (28ms)
			BackupInstance (0ms)
			ReleaseScriptingObjects (0ms)
			CreateAndSetChildDomain (101ms)
		EndReloadAssembly (1025ms)
			LoadAssemblies (81ms)
			RebuildTransferFunctionScriptingTraits (0ms)
			SetupTypeCache (330ms)
			ReleaseScriptCaches (2ms)
			RebuildScriptCaches (67ms)
			SetupLoadedEditorAssemblies (478ms)
				LogAssemblyErrors (0ms)
				InitializePlatformSupportModulesInManaged (11ms)
				SetLoadedEditorAssemblies (1ms)
				RefreshPlugins (1ms)
				BeforeProcessingInitializeOnLoad (90ms)
				ProcessInitializeOnLoadAttributes (289ms)
				ProcessInitializeOnLoadMethodAttributes (79ms)
				AfterProcessingInitializeOnLoad (7ms)
				EditorAssembliesLoaded (0ms)
			ExecutionOrderSort2 (0ms)
			AwakeInstancesAfterBackupRestoration (11ms)
Platform modules already initialized, skipping
Refreshing native plugins compatible for Editor in 1.87 ms, found 4 plugins.
Preloading 0 native plugins for Editor in 0.00 ms.
Unloading 6287 Unused Serialized files (Serialized files now loaded: 0)
Unloading 30 unused Assets / (1.4 MB). Loaded Objects now: 6975.
Memory consumption went from 264.6 MB to 263.1 MB.
Total: 3.988400 ms (FindLiveObjects: 0.418400 ms CreateObjectMapping: 0.359900 ms MarkObjects: 2.874700 ms  DeleteObjects: 0.334900 ms)

AssetImportParameters requested are different than current active one (requested -> active):
  custom:video-decoder-ogg-theora: a1e56fd34408186e4bbccfd4996cb3dc -> 
  custom:container-muxer-webm: aa71ff27fc2769a1b78a27578f13a17b -> 
  custom:container-demuxer-webm: 4f35f7cbe854078d1ac9338744f61a02 -> 
  custom:video-encoder-webm-vp8: eb34c28f22e8b96e1ab97ce403110664 -> 
  custom:audio-encoder-webm-vorbis: bf7c407c2cedff20999df2af8eb42d56 -> 
  custom:framework-win-MediaFoundation: 216162199b28c13a410421893ffa2e32 -> 
  custom:container-demuxer-ogg: 62fdf1f143b41e24485cea50d1cbac27 -> 
  custom:video-decoder-webm-vp8: 9c59270c3fd7afecdb556c50c9e8de78 -> 
  custom:audio-decoder-ogg-vorbis: bf7c407c2cedff20999df2af8eb42d56 -> 
========================================================================
Received Import Request.
  Time since last request: 85.106417 seconds.
  path: Assets/Air/tornaduVFX.vfx
  artifactKey: Guid(dfd60fbf66242984e8cbc382c5dc3688) Importer(815301076,1909f56bfc062723c751e8b465ee728b)
Start importing Assets/Air/tornaduVFX.vfx using Guid(dfd60fbf66242984e8cbc382c5dc3688) Importer(815301076,1909f56bfc062723c751e8b465ee728b)  -> (artifact id: '3550dafae53d58a36fa495ccb921e426') in 1.396894 seconds 
========================================================================
Received Import Request.
  Time since last request: 34.175116 seconds.
  path: Assets/Air/tornaduVFX.vfx
  artifactKey: Guid(dfd60fbf66242984e8cbc382c5dc3688) Importer(815301076,1909f56bfc062723c751e8b465ee728b)
Start importing Assets/Air/tornaduVFX.vfx using Guid(dfd60fbf66242984e8cbc382c5dc3688) Importer(815301076,1909f56bfc062723c751e8b465ee728b)  -> (artifact id: '340f78dc08bac2d79d219247a52ef600') in 0.013158 seconds 
========================================================================
Received Import Request.
  Time since last request: 174.734260 seconds.
  path: Assets/Air/tornaduVFX.vfx
  artifactKey: Guid(dfd60fbf66242984e8cbc382c5dc3688) Importer(815301076,1909f56bfc062723c751e8b465ee728b)
Start importing Assets/Air/tornaduVFX.vfx using Guid(dfd60fbf66242984e8cbc382c5dc3688) Importer(815301076,1909f56bfc062723c751e8b465ee728b)  -> (artifact id: '31eaebd4771d220f4ccdaf53da57cdd6') in 0.013978 seconds 
========================================================================
Received Import Request.
  Time since last request: 10.723072 seconds.
  path: Assets/Air/tornaduVFX.vfx
  artifactKey: Guid(dfd60fbf66242984e8cbc382c5dc3688) Importer(815301076,1909f56bfc062723c751e8b465ee728b)
Start importing Assets/Air/tornaduVFX.vfx using Guid(dfd60fbf66242984e8cbc382c5dc3688) Importer(815301076,1909f56bfc062723c751e8b465ee728b)  -> (artifact id: '4e84d4f36e6eb86aafceee445e0b04bd') in 0.013142 seconds 
========================================================================
Received Prepare
Registering precompiled user dll's ...
Registered in 0.003698 seconds.
Begin MonoManager ReloadAssembly
Symbol file LoadedFromMemory doesn't match image E:\Gitgub\elemental-arts\Elemental Arts\Library\PackageCache\com.unity.visualscripting@1.7.8\Editor\VisualScripting.Core\Dependencies\YamlDotNet\Unity.VisualScripting.YamlDotNet.dll
Symbol file LoadedFromMemory doesn't match image E:\Gitgub\elemental-arts\Elemental Arts\Library\PackageCache\com.unity.visualscripting@1.7.8\Editor\VisualScripting.Core\Dependencies\DotNetZip\Unity.VisualScripting.IonicZip.dll
Native extension for WindowsStandalone target not found
Refreshing native plugins compatible for Editor in 0.94 ms, found 4 plugins.
Preloading 0 native plugins for Editor in 0.00 ms.
Mono: successfully reloaded assembly
- Completed reload, in  1.201 seconds
Domain Reload Profiling:
	ReloadAssembly (1202ms)
		BeginReloadAssembly (133ms)
			ExecutionOrderSort (0ms)
			DisableScriptedObjects (6ms)
			BackupInstance (0ms)
			ReleaseScriptingObjects (0ms)
			CreateAndSetChildDomain (47ms)
		EndReloadAssembly (975ms)
			LoadAssemblies (83ms)
			RebuildTransferFunctionScriptingTraits (0ms)
			SetupTypeCache (301ms)
			ReleaseScriptCaches (2ms)
			RebuildScriptCaches (66ms)
			SetupLoadedEditorAssemblies (459ms)
				LogAssemblyErrors (0ms)
				InitializePlatformSupportModulesInManaged (12ms)
				SetLoadedEditorAssemblies (0ms)
				RefreshPlugins (1ms)
				BeforeProcessingInitializeOnLoad (92ms)
				ProcessInitializeOnLoadAttributes (272ms)
				ProcessInitializeOnLoadMethodAttributes (75ms)
				AfterProcessingInitializeOnLoad (7ms)
				EditorAssembliesLoaded (0ms)
			ExecutionOrderSort2 (0ms)
			AwakeInstancesAfterBackupRestoration (10ms)
Platform modules already initialized, skipping
Refreshing native plugins compatible for Editor in 2.09 ms, found 4 plugins.
Preloading 0 native plugins for Editor in 0.00 ms.
Unloading 6286 Unused Serialized files (Serialized files now loaded: 0)
Unloading 30 unused Assets / (1.4 MB). Loaded Objects now: 7019.
Memory consumption went from 264.7 MB to 263.3 MB.
Total: 3.764700 ms (FindLiveObjects: 0.532000 ms CreateObjectMapping: 0.439300 ms MarkObjects: 2.401000 ms  DeleteObjects: 0.391500 ms)

AssetImportParameters requested are different than current active one (requested -> active):
  custom:video-decoder-ogg-theora: a1e56fd34408186e4bbccfd4996cb3dc -> 
  custom:container-muxer-webm: aa71ff27fc2769a1b78a27578f13a17b -> 
  custom:container-demuxer-webm: 4f35f7cbe854078d1ac9338744f61a02 -> 
  custom:video-encoder-webm-vp8: eb34c28f22e8b96e1ab97ce403110664 -> 
  custom:audio-encoder-webm-vorbis: bf7c407c2cedff20999df2af8eb42d56 -> 
  custom:framework-win-MediaFoundation: 216162199b28c13a410421893ffa2e32 -> 
  custom:container-demuxer-ogg: 62fdf1f143b41e24485cea50d1cbac27 -> 
  custom:video-decoder-webm-vp8: 9c59270c3fd7afecdb556c50c9e8de78 -> 
  custom:audio-decoder-ogg-vorbis: bf7c407c2cedff20999df2af8eb42d56 -> 
========================================================================
Received Import Request.
  Time since last request: 23.935628 seconds.
  path: Assets/Air/tornaduVFX.vfx
  artifactKey: Guid(dfd60fbf66242984e8cbc382c5dc3688) Importer(815301076,1909f56bfc062723c751e8b465ee728b)
Start importing Assets/Air/tornaduVFX.vfx using Guid(dfd60fbf66242984e8cbc382c5dc3688) Importer(815301076,1909f56bfc062723c751e8b465ee728b)  -> (artifact id: 'db8ad4f05556abf416b7145a78025f1e') in 1.948282 seconds 
========================================================================
Received Import Request.
  Time since last request: 4.655287 seconds.
  path: Assets/Air/tornaduVFX.vfx
  artifactKey: Guid(dfd60fbf66242984e8cbc382c5dc3688) Importer(815301076,1909f56bfc062723c751e8b465ee728b)
Start importing Assets/Air/tornaduVFX.vfx using Guid(dfd60fbf66242984e8cbc382c5dc3688) Importer(815301076,1909f56bfc062723c751e8b465ee728b)  -> (artifact id: '7d2451eb1f8bc85cff3f289d29349cc4') in 0.015256 seconds 
========================================================================
Received Import Request.
  Time since last request: 12.777639 seconds.
  path: Assets/Air/tornaduVFX.vfx
  artifactKey: Guid(dfd60fbf66242984e8cbc382c5dc3688) Importer(815301076,1909f56bfc062723c751e8b465ee728b)
Start importing Assets/Air/tornaduVFX.vfx using Guid(dfd60fbf66242984e8cbc382c5dc3688) Importer(815301076,1909f56bfc062723c751e8b465ee728b)  -> (artifact id: '733633f60770a5ee7a3cb6dd8f3cb9c0') in 0.014796 seconds 
========================================================================
Received Import Request.
  Time since last request: 158.399336 seconds.
  path: Assets/Air/tornadoShader.shadergraph
  artifactKey: Guid(3601837fd7b82d5408569ff663386b50) Importer(815301076,1909f56bfc062723c751e8b465ee728b)
Start importing Assets/Air/tornadoShader.shadergraph using Guid(3601837fd7b82d5408569ff663386b50) Importer(815301076,1909f56bfc062723c751e8b465ee728b)  -> (artifact id: '66d41988bcb0f55c055ac27265ce44cf') in 0.003845 seconds 
========================================================================
Received Import Request.
  Time since last request: 148.990393 seconds.
  path: Assets/Air/tornaduVFX.vfx
  artifactKey: Guid(dfd60fbf66242984e8cbc382c5dc3688) Importer(815301076,1909f56bfc062723c751e8b465ee728b)
Start importing Assets/Air/tornaduVFX.vfx using Guid(dfd60fbf66242984e8cbc382c5dc3688) Importer(815301076,1909f56bfc062723c751e8b465ee728b)  -> (artifact id: 'c7d0680365930c9617478520ceb21ed6') in 0.019500 seconds 
========================================================================
Received Import Request.
  Time since last request: 193.409268 seconds.
  path: Assets/Air/tornaduVFX.vfx
  artifactKey: Guid(dfd60fbf66242984e8cbc382c5dc3688) Importer(815301076,1909f56bfc062723c751e8b465ee728b)
Start importing Assets/Air/tornaduVFX.vfx using Guid(dfd60fbf66242984e8cbc382c5dc3688) Importer(815301076,1909f56bfc062723c751e8b465ee728b)  -> (artifact id: 'e0d5b68f0b98aad795df3358f23e0cf0') in 0.017380 seconds 
========================================================================
Received Import Request.
  Time since last request: 34.559192 seconds.
  path: Assets/Air/tornaduVFX.vfx
  artifactKey: Guid(dfd60fbf66242984e8cbc382c5dc3688) Importer(815301076,1909f56bfc062723c751e8b465ee728b)
Start importing Assets/Air/tornaduVFX.vfx using Guid(dfd60fbf66242984e8cbc382c5dc3688) Importer(815301076,1909f56bfc062723c751e8b465ee728b)  -> (artifact id: '9490c761b549da45fdd7f7dc0b5bf1bf') in 0.014572 seconds 
========================================================================
Received Import Request.
  Time since last request: 8.590835 seconds.
  path: Assets/Air/tornaduVFX.vfx
  artifactKey: Guid(dfd60fbf66242984e8cbc382c5dc3688) Importer(815301076,1909f56bfc062723c751e8b465ee728b)
Start importing Assets/Air/tornaduVFX.vfx using Guid(dfd60fbf66242984e8cbc382c5dc3688) Importer(815301076,1909f56bfc062723c751e8b465ee728b)  -> (artifact id: 'e606291adfce131ecb01b72d689940d4') in 0.017150 seconds 
========================================================================
Received Import Request.
  Time since last request: 685.889317 seconds.
  path: Assets/Air/tornadoMaterial.mat
  artifactKey: Guid(0d62d0295aa12ab4ba04e950d03ef05e) Importer(815301076,1909f56bfc062723c751e8b465ee728b)
Start importing Assets/Air/tornadoMaterial.mat using Guid(0d62d0295aa12ab4ba04e950d03ef05e) Importer(815301076,1909f56bfc062723c751e8b465ee728b)  -> (artifact id: '0e1748b357ab0c52a731c0dcc0ab2851') in 0.717425 seconds 
